app/manifest-merger-release-report.txt
-- Merging decision tree log ---
manifest
ADDED from AndroidManifest.xml:2:1
	package
		ADDED from AndroidManifest.xml:3:5
		INJECTED from AndroidManifest.xml:0:0
		INJECTED from AndroidManifest.xml:0:0
	android:versionName
		INJECTED from AndroidManifest.xml:0:0
		INJECTED from AndroidManifest.xml:0:0
	xmlns:android
		ADDED from AndroidManifest.xml:4:5
	android:versionCode
		INJECTED from AndroidManifest.xml:0:0
		INJECTED from AndroidManifest.xml:0:0
uses-permission#android.permission.INTERNET
ADDED from AndroidManifest.xml:6:5
	android:name
		ADDED from AndroidManifest.xml:6:22
uses-permission#android.permission.ACCESS_NETWORK_STATE
ADDED from AndroidManifest.xml:9:5
	android:name
		ADDED from AndroidManifest.xml:9:22
application
ADDED from AndroidManifest.xml:11:5
MERGED from com.android.support:appcompat-v7:21.0.3:16:5
MERGED from com.android.support:support-v4:21.0.3:16:5
	android:label
		ADDED from AndroidManifest.xml:14:9
	android:allowBackup
		ADDED from AndroidManifest.xml:12:9
	android:icon
		ADDED from AndroidManifest.xml:13:9
	android:theme
		ADDED from AndroidManifest.xml:15:9
activity#com.historicar.app.activity.HomeActivity
ADDED from AndroidManifest.xml:16:9
	android:screenOrientation
		ADDED from AndroidManifest.xml:19:13
	android:label
		ADDED from AndroidManifest.xml:18:13
	android:name
		ADDED from AndroidManifest.xml:17:13
intent-filter#android.intent.action.MAIN+android.intent.category.LAUNCHER
ADDED from AndroidManifest.xml:20:13
action#android.intent.action.MAIN
ADDED from AndroidManifest.xml:21:17
	android:name
		ADDED from AndroidManifest.xml:21:25
category#android.intent.category.LAUNCHER
ADDED from AndroidManifest.xml:23:17
	android:name
		ADDED from AndroidManifest.xml:23:27
activity#com.historicar.app.activity.ResultActivity
ADDED from AndroidManifest.xml:26:9
	android:screenOrientation
		ADDED from AndroidManifest.xml:29:13
	android:parentActivityName
		ADDED from AndroidManifest.xml:28:13
	android:name
		ADDED from AndroidManifest.xml:27:13
activity#com.historicar.app.activity.DetailsActivity
ADDED from AndroidManifest.xml:31:9
	android:screenOrientation
		ADDED from AndroidManifest.xml:33:13
	android:name
		ADDED from AndroidManifest.xml:32:13
activity#com.historicar.app.activity.NoMultaActivity
ADDED from AndroidManifest.xml:35:9
	android:screenOrientation
		ADDED from AndroidManifest.xml:38:13
	android:parentActivityName
		ADDED from AndroidManifest.xml:37:13
	android:name
		ADDED from AndroidManifest.xml:36:13
activity#com.historicar.app.activity.ErrorActivity
ADDED from AndroidManifest.xml:40:9
	android:screenOrientation
		ADDED from AndroidManifest.xml:43:13
	android:parentActivityName
		ADDED from AndroidManifest.xml:42:13
	android:name
		ADDED from AndroidManifest.xml:41:13
activity#com.historicar.app.activity.AboutActivity
ADDED from AndroidManifest.xml:45:9
	android:screenOrientation
		ADDED from AndroidManifest.xml:48:13
	android:parentActivityName
		ADDED from AndroidManifest.xml:47:13
	android:name
		ADDED from AndroidManifest.xml:46:13
activity#com.historicar.app.activity.InsertOrEditActivity
ADDED from AndroidManifest.xml:50:9
	android:screenOrientation
		ADDED from AndroidManifest.xml:53:13
	android:parentActivityName
		ADDED from AndroidManifest.xml:52:13
	android:name
		ADDED from AndroidManifest.xml:51:13
uses-sdk
INJECTED from AndroidManifest.xml:0:0 reason: use-sdk injection requested
MERGED from com.android.support:appcompat-v7:21.0.3:15:5
MERGED from com.android.support:support-v4:21.0.3:15:5
	android:targetSdkVersion
		INJECTED from AndroidManifest.xml:0:0
		INJECTED from AndroidManifest.xml:0:0
	android:minSdkVersion
		INJECTED from AndroidManifest.xml:0:0
		INJECTED from AndroidManifest.xml:0:0